c:\users\usuario\source\repos\desafiofinal2\desafiofinal\x64\debug\vc143.pdb
c:\users\usuario\source\repos\desafiofinal2\desafiofinal\x64\debug\vc143.idb
c:\users\usuario\source\repos\desafiofinal2\desafiofinal\x64\debug\vip.obj
c:\users\usuario\source\repos\desafiofinal2\desafiofinal\x64\debug\view.obj
c:\users\usuario\source\repos\desafiofinal2\desafiofinal\x64\debug\return.obj
c:\users\usuario\source\repos\desafiofinal2\desafiofinal\x64\debug\presenter.obj
c:\users\usuario\source\repos\desafiofinal2\desafiofinal\x64\debug\member.obj
c:\users\usuario\source\repos\desafiofinal2\desafiofinal\x64\debug\main.obj
c:\users\usuario\source\repos\desafiofinal2\desafiofinal\x64\debug\loan.obj
c:\users\usuario\source\repos\desafiofinal2\desafiofinal\x64\debug\library.obj
c:\users\usuario\source\repos\desafiofinal2\desafiofinal\x64\debug\exemplar.obj
c:\users\usuario\source\repos\desafiofinal2\desafiofinal\x64\debug\book.obj
c:\users\usuario\source\repos\desafiofinal2\x64\debug\desafiofinal.exe
c:\users\usuario\source\repos\desafiofinal2\desafiofinal\x64\debug\desafiofinal.ilk
c:\users\usuario\source\repos\desafiofinal2\x64\debug\desafiofinal.pdb
c:\users\usuario\source\repos\desafiofinal2\desafiofinal\x64\debug\desafiofinal.tlog\cl.command.1.tlog
c:\users\usuario\source\repos\desafiofinal2\desafiofinal\x64\debug\desafiofinal.tlog\cl.read.1.tlog
c:\users\usuario\source\repos\desafiofinal2\desafiofinal\x64\debug\desafiofinal.tlog\cl.write.1.tlog
c:\users\usuario\source\repos\desafiofinal2\desafiofinal\x64\debug\desafiofinal.tlog\link.command.1.tlog
c:\users\usuario\source\repos\desafiofinal2\desafiofinal\x64\debug\desafiofinal.tlog\link.read.1.tlog
c:\users\usuario\source\repos\desafiofinal2\desafiofinal\x64\debug\desafiofinal.tlog\link.write.1.tlog
